<?xml version="1.0" encoding="UTF-8"?>
<!-- Generated by org.testng.reporters.JUnitReportReporter -->
<testsuite hostname="Mehedi" failures="0" tests="1" name="com.mehedi.hasan.tests.LoginTest" time="17.762" errors="0" timestamp="2025-04-17T00:43:02 BDT" skipped="0">
  <testcase classname="com.mehedi.hasan.tests.LoginTest" name="loginIntoShop" time="17.762"/>
</testsuite> <!-- com.mehedi.hasan.tests.LoginTest -->
